Сборка начата 21.10.2024 14:26:27.
Уровень детализации журнала: Normal.     1>Проект "C:\labs\ОС\OS07_01\OS07_01\OS07_01.vcxproj" в узле 2 (целевые объекты Build).
     1>PrepareForBuild:
         Создание каталога "C:\labs\ОС\OS07_01\x64\Debug\".
         Создание каталога "x64\Debug\OS07_01.tlog\".
       InitializeBuildStatus:
         Создание "x64\Debug\OS07_01.tlog\unsuccessfulbuild", так как было задано "AlwaysCreate".
       ClCompile:
         C:\vs ))))))))))\VC\Tools\MSVC\14.33.31629\bin\HostX64\x64\CL.exe /c /ZI /JMC /nologo /W3 /WX- /diagnostics:column /sdl /Od /D _DEBUG /D _CONSOLE /D _UNICODE /D UNICODE /Gm- /EHsc /RTC1 /MDd /GS /fp:precise /Zc:wchar_t /Zc:forScope /Zc:inline /permissive- /Fo"x64\Debug\\" /Fd"x64\Debug\vc143.pdb" /external:W3 /Gd /TP /FC /errorReport:prompt OS07_01.cpp
         OS07_01.cpp
     1>C:\labs\ОС\OS07_01\OS07_01\OS07_01.cpp(25,2): error C4235: использовано нестандартное расширение: ключевое слово "__asm" данной архитектурой не поддерживается
     1>C:\labs\ОС\OS07_01\OS07_01\OS07_01.cpp(28,3): error C2065: lock: необъявленный идентификатор
     1>C:\labs\ОС\OS07_01\OS07_01\OS07_01.cpp(28,8): error C2146: синтаксическая ошибка: отсутствие ";" перед идентификатором "bts"
     1>C:\labs\ОС\OS07_01\OS07_01\OS07_01.cpp(28,8): error C2065: bts: необъявленный идентификатор
     1>C:\labs\ОС\OS07_01\OS07_01\OS07_01.cpp(28,12): error C2146: синтаксическая ошибка: отсутствие ";" перед идентификатором "check"
     1>C:\labs\ОС\OS07_01\OS07_01\OS07_01.cpp(29,3): error C2065: jc: необъявленный идентификатор
     1>C:\labs\ОС\OS07_01\OS07_01\OS07_01.cpp(29,6): error C2146: синтаксическая ошибка: отсутствие ";" перед идентификатором "CriticalSection"
     1>C:\labs\ОС\OS07_01\OS07_01\OS07_01.cpp(29,6): error C2065: CriticalSection: необъявленный идентификатор
     1>C:\labs\ОС\OS07_01\OS07_01\OS07_01.cpp(30,2): error C2143: синтаксическая ошибка: отсутствие ";" перед "}"
     1>C:\labs\ОС\OS07_01\OS07_01\OS07_01.cpp(38,2): error C4235: использовано нестандартное расширение: ключевое слово "__asm" данной архитектурой не поддерживается
     1>C:\labs\ОС\OS07_01\OS07_01\OS07_01.cpp(38,8): error C2065: lock: необъявленный идентификатор
     1>C:\labs\ОС\OS07_01\OS07_01\OS07_01.cpp(38,13): error C2146: синтаксическая ошибка: отсутствие ";" перед идентификатором "btr"
     1>C:\labs\ОС\OS07_01\OS07_01\OS07_01.cpp(38,13): error C2065: btr: необъявленный идентификатор
     1>C:\labs\ОС\OS07_01\OS07_01\OS07_01.cpp(38,17): error C2146: синтаксическая ошибка: отсутствие ";" перед идентификатором "check"
     1>C:\labs\ОС\OS07_01\OS07_01\OS07_01.cpp(39,1): error C2143: синтаксическая ошибка: отсутствие ";" перед "}"
     1>Сборка проекта "C:\labs\ОС\OS07_01\OS07_01\OS07_01.vcxproj" завершена (целевые объекты Build) с ошибкой.

Ошибка сборки.

       "C:\labs\ОС\OS07_01\OS07_01\OS07_01.vcxproj" (целевой объект Build ) (1) ->
       (Целевой объект ClCompile) -> 
         C:\labs\ОС\OS07_01\OS07_01\OS07_01.cpp(25,2): error C4235: использовано нестандартное расширение: ключевое слово "__asm" данной архитектурой не поддерживается
         C:\labs\ОС\OS07_01\OS07_01\OS07_01.cpp(28,3): error C2065: lock: необъявленный идентификатор
         C:\labs\ОС\OS07_01\OS07_01\OS07_01.cpp(28,8): error C2146: синтаксическая ошибка: отсутствие ";" перед идентификатором "bts"
         C:\labs\ОС\OS07_01\OS07_01\OS07_01.cpp(28,8): error C2065: bts: необъявленный идентификатор
         C:\labs\ОС\OS07_01\OS07_01\OS07_01.cpp(28,12): error C2146: синтаксическая ошибка: отсутствие ";" перед идентификатором "check"
         C:\labs\ОС\OS07_01\OS07_01\OS07_01.cpp(29,3): error C2065: jc: необъявленный идентификатор
         C:\labs\ОС\OS07_01\OS07_01\OS07_01.cpp(29,6): error C2146: синтаксическая ошибка: отсутствие ";" перед идентификатором "CriticalSection"
         C:\labs\ОС\OS07_01\OS07_01\OS07_01.cpp(29,6): error C2065: CriticalSection: необъявленный идентификатор
         C:\labs\ОС\OS07_01\OS07_01\OS07_01.cpp(30,2): error C2143: синтаксическая ошибка: отсутствие ";" перед "}"
         C:\labs\ОС\OS07_01\OS07_01\OS07_01.cpp(38,2): error C4235: использовано нестандартное расширение: ключевое слово "__asm" данной архитектурой не поддерживается
         C:\labs\ОС\OS07_01\OS07_01\OS07_01.cpp(38,8): error C2065: lock: необъявленный идентификатор
         C:\labs\ОС\OS07_01\OS07_01\OS07_01.cpp(38,13): error C2146: синтаксическая ошибка: отсутствие ";" перед идентификатором "btr"
         C:\labs\ОС\OS07_01\OS07_01\OS07_01.cpp(38,13): error C2065: btr: необъявленный идентификатор
         C:\labs\ОС\OS07_01\OS07_01\OS07_01.cpp(38,17): error C2146: синтаксическая ошибка: отсутствие ";" перед идентификатором "check"
         C:\labs\ОС\OS07_01\OS07_01\OS07_01.cpp(39,1): error C2143: синтаксическая ошибка: отсутствие ";" перед "}"

    Предупреждений: 0
    Ошибок: 15

Прошло времени 00:00:01.18
